#-----------------------------------------------------------
# Vivado v2019.1 (64-bit)
# SW Build 2552052 on Fri May 24 14:49:42 MDT 2019
# IP Build 2548770 on Fri May 24 18:01:18 MDT 2019
# Start of session at: Sun Oct  6 10:46:25 2019
# Process ID: 8312
# Current directory: C:/Users/fabio.fiorio/OneDrive - EXOR INTERNATIONAL SPA/Documents/PERSONAL/Univr/PSE/Elaborato/PSE/VR422016_Fabio_Fiorio_02/2.1_Synthesis/Soution/VHDL_behavioral_implementation
# Command line: vivado.exe -gui_launcher_event rodinguilauncherevent19292 C:\Users\fabio.fiorio\OneDrive - EXOR INTERNATIONAL SPA\Documents\PERSONAL\Univr\PSE\Elaborato\PSE\VR422016_Fabio_Fiorio_02\2.1_Synthesis\Soution\VHDL_behavioral_implementation\xtea_rtl_synthesis.xpr
# Log file: C:/Users/fabio.fiorio/OneDrive - EXOR INTERNATIONAL SPA/Documents/PERSONAL/Univr/PSE/Elaborato/PSE/VR422016_Fabio_Fiorio_02/2.1_Synthesis/Soution/VHDL_behavioral_implementation/vivado.log
# Journal file: C:/Users/fabio.fiorio/OneDrive - EXOR INTERNATIONAL SPA/Documents/PERSONAL/Univr/PSE/Elaborato/PSE/VR422016_Fabio_Fiorio_02/2.1_Synthesis/Soution/VHDL_behavioral_implementation\vivado.jou
#-----------------------------------------------------------
start_gui
open_project {C:/Users/fabio.fiorio/OneDrive - EXOR INTERNATIONAL SPA/Documents/PERSONAL/Univr/PSE/Elaborato/PSE/VR422016_Fabio_Fiorio_02/2.1_Synthesis/Soution/VHDL_behavioral_implementation/xtea_rtl_synthesis.xpr}
INFO: [ProjectBase 1-489] The host OS only allows 260 characters in a normal path. The project is stored in a path with more than 80 characters. If you experience issues with IP, Block Designs, or files not being found, please consider moving the project to a location with a shorter path. Alternately consider using the OS subst command to map part of the path to a drive letter.
Current project path is 'C:/Users/fabio.fiorio/OneDrive - EXOR INTERNATIONAL SPA/Documents/PERSONAL/Univr/PSE/Elaborato/PSE/VR422016_Fabio_Fiorio_02/2.1_Synthesis/Soution/VHDL_behavioral_implementation'
INFO: [Project 1-313] Project file moved from 'C:/Users/fabio.fiorio/OneDrive - EXOR INTERNATIONAL SPA/Documents/PERSONAL/Univr/PSE/Elaborato/PSE/HLS_model/Test/xtea_rtl_synthesis' since last save.
Scanning sources...
Finished scanning sources
INFO: [IP_Flow 19-234] Refreshing IP repositories
INFO: [IP_Flow 19-1704] No user IP repositories specified
INFO: [IP_Flow 19-2313] Loaded Vivado IP repository 'C:/Xilinx/Vivado/2019.1/data/ip'.
open_project: Time (s): cpu = 00:00:31 ; elapsed = 00:00:23 . Memory (MB): peak = 779.363 ; gain = 180.445
exit
INFO: [Common 17-206] Exiting Vivado at Sun Oct  6 10:50:07 2019...
